<?xml version="1.0" encoding="UTF-8"?>
<!-- Generated by org.testng.reporters.JUnitReportReporter -->
<testsuite skipped="0" hostname="Archis-PC" name="by.kurlovich.textparser.reader.XMLReaderTest" tests="1" failures="0" timestamp="10 мар 2018 21:26:37 GMT" time="0.430" errors="0">
  <testcase name="readerTest" time="0.430" classname="by.kurlovich.textparser.reader.XMLReaderTest"/>
</testsuite> <!-- by.kurlovich.textparser.reader.XMLReaderTest -->
