<?xml version="1.0" encoding="UTF-8"?>
<!-- Generated by org.testng.reporters.JUnitReportReporter -->
<testsuite skipped="0" hostname="Archis-PC" name="by.kurlovich.textparser.interpreter.ClientTest" tests="1" failures="0" timestamp="10 мар 2018 21:26:37 GMT" time="0.004" errors="0">
  <testcase name="interpreterTest" time="0.004" classname="by.kurlovich.textparser.interpreter.ClientTest"/>
</testsuite> <!-- by.kurlovich.textparser.interpreter.ClientTest -->
