<?xml version="1.0" encoding="UTF-8"?>
<!-- Generated by org.testng.reporters.JUnitReportReporter -->
<testsuite skipped="0" hostname="Archis-PC" name="by.kurlovich.textparser.parser.SpaceInsertorTest" tests="1" failures="0" timestamp="10 мар 2018 21:26:37 GMT" time="0.000" errors="0">
  <testcase name="insertorTest" time="0.000" classname="by.kurlovich.textparser.parser.SpaceInsertorTest"/>
</testsuite> <!-- by.kurlovich.textparser.parser.SpaceInsertorTest -->
